Build started 3/28/2012 12:17:34 AM.
     1>Project "C:\Users\alex\Documents\Visual Studio 2010\Projects\Flight\Flight\Flight.vcxproj" on node 2 (build target(s)).
     1>InitializeBuildStatus:
         Creating "Debug\Flight.unsuccessfulbuild" because "AlwaysCreate" was specified.
       ClCompile:
         C:\Program Files (x86)\Microsoft Visual Studio 10.0\VC\bin\CL.exe /c /ZI /nologo /W3 /WX- /Od /Oy- /D _MBCS /Gm /EHsc /RTC1 /MDd /GS /fp:precise /Zc:wchar_t /Zc:forScope /Fo"Debug\\" /Fd"Debug\vc100.pdb" /Gd /TP /analyze- /errorReport:prompt FlightSim.cpp
         FlightSim.cpp
     1>c:\users\alex\documents\visual studio 2010\projects\flight\flight\flightsim.cpp(63): warning C4996: 'fopen': This function or variable may be unsafe. Consider using fopen_s instead. To disable deprecation, use _CRT_SECURE_NO_WARNINGS. See online help for details.
                 c:\program files (x86)\microsoft visual studio 10.0\vc\include\stdio.h(234) : see declaration of 'fopen'
     1>c:\users\alex\documents\visual studio 2010\projects\flight\flight\flightsim.cpp(70): warning C4101: 'd' : unreferenced local variable
       Link:
         C:\Program Files (x86)\Microsoft Visual Studio 10.0\VC\bin\link.exe /ERRORREPORT:PROMPT /OUT:"C:\Users\alex\Documents\Visual Studio 2010\Projects\Flight\Debug\Flight.exe" /NOLOGO kernel32.lib user32.lib gdi32.lib winspool.lib comdlg32.lib advapi32.lib shell32.lib ole32.lib oleaut32.lib uuid.lib odbc32.lib odbccp32.lib /MANIFEST /ManifestFile:"Debug\Flight.exe.intermediate.manifest" /MANIFESTUAC:"level='asInvoker' uiAccess='false'" /DEBUG /PDB:"C:\Users\alex\Documents\Visual Studio 2010\Projects\Flight\Debug\Flight.pdb" /TLBID:1 /DYNAMICBASE /NXCOMPAT /IMPLIB:"C:\Users\alex\Documents\Visual Studio 2010\Projects\Flight\Debug\Flight.lib" /MACHINE:X86 Debug\FlightSim.obj
         Debug\Quaternion.obj
         Debug\Vector3D.obj
         LINK : C:\Users\alex\Documents\Visual Studio 2010\Projects\Flight\Debug\Flight.exe not found or not built by the last incremental link; performing full link
         Flight.vcxproj -> C:\Users\alex\Documents\Visual Studio 2010\Projects\Flight\Debug\Flight.exe
       Manifest:
         C:\Program Files (x86)\Microsoft SDKs\Windows\v7.0A\bin\mt.exe /nologo /verbose /outputresource:"C:\Users\alex\Documents\Visual Studio 2010\Projects\Flight\Debug\Flight.exe;#1" /manifest Debug\Flight.exe.intermediate.manifest
       FinalizeBuildStatus:
         Deleting file "Debug\Flight.unsuccessfulbuild".
         Touching "Debug\Flight.lastbuildstate".
     1>Done Building Project "C:\Users\alex\Documents\Visual Studio 2010\Projects\Flight\Flight\Flight.vcxproj" (build target(s)).

Build succeeded.

Time Elapsed 00:00:02.23
