Build started 3/27/2012 7:45:51 PM.
     1>Project "c:\Users\alex\documents\visual studio 2010\Projects\Flight\Flight\Flight.vcxproj" on node 2 (build target(s)).
     1>InitializeBuildStatus:
         Creating "Release\Flight.unsuccessfulbuild" because "AlwaysCreate" was specified.
       ClCompile:
         C:\Program Files (x86)\Microsoft Visual Studio 10.0\VC\bin\CL.exe /c /Zi /nologo /W3 /WX- /O2 /Oi /Oy- /GL /D _MBCS /Gm- /EHsc /MD /GS /Gy /fp:precise /Zc:wchar_t /Zc:forScope /Fo"Release\\" /Fd"Release\vc100.pdb" /Gd /TP /analyze- /errorReport:prompt FlightSim.cpp
         FlightSim.cpp
     1>FlightSim.cpp(63): warning C4996: 'fopen': This function or variable may be unsafe. Consider using fopen_s instead. To disable deprecation, use _CRT_SECURE_NO_WARNINGS. See online help for details.
                 C:\Program Files (x86)\Microsoft Visual Studio 10.0\VC\include\stdio.h(234) : see declaration of 'fopen'
     1>FlightSim.cpp(70): warning C4101: 'd' : unreferenced local variable
       Link:
         C:\Program Files (x86)\Microsoft Visual Studio 10.0\VC\bin\link.exe /ERRORREPORT:PROMPT /OUT:"c:\users\alex\documents\visual studio 2010\Projects\Flight\Release\Flight.exe" /NOLOGO kernel32.lib user32.lib gdi32.lib winspool.lib comdlg32.lib advapi32.lib shell32.lib ole32.lib oleaut32.lib uuid.lib odbc32.lib odbccp32.lib /MANIFEST /ManifestFile:"Release\Flight.exe.intermediate.manifest" /MANIFESTUAC:"level='asInvoker' uiAccess='false'" /DEBUG /PDB:"c:\users\alex\documents\visual studio 2010\Projects\Flight\Release\Flight.pdb" /OPT:REF /OPT:ICF /LTCG /TLBID:1 /DYNAMICBASE /NXCOMPAT /IMPLIB:"c:\users\alex\documents\visual studio 2010\Projects\Flight\Release\Flight.lib" /MACHINE:X86 Release\FlightSim.obj
         Release\Quaternion.obj
         Release\Vector3D.obj
         Generating code
         Finished generating code
         Flight.vcxproj -> c:\users\alex\documents\visual studio 2010\Projects\Flight\Release\Flight.exe
       Manifest:
         C:\Program Files (x86)\Microsoft SDKs\Windows\v7.0A\bin\mt.exe /nologo /verbose /outputresource:"c:\users\alex\documents\visual studio 2010\Projects\Flight\Release\Flight.exe;#1" /manifest Release\Flight.exe.intermediate.manifest
       FinalizeBuildStatus:
         Deleting file "Release\Flight.unsuccessfulbuild".
         Touching "Release\Flight.lastbuildstate".
     1>Done Building Project "c:\Users\alex\documents\visual studio 2010\Projects\Flight\Flight\Flight.vcxproj" (build target(s)).

Build succeeded.

Time Elapsed 00:00:01.43
